# JRE version: Java(TM) SE Runtime Environment (8.0_201-b09) (build 1.8.0_201-b09)
# Java VM: Java HotSpot(TM) 64-Bit Server VM (25.201-b09 mixed mode windows-amd64 compressed oops)
Heap:
 PSYoungGen      total 964096K, used 870501K [0x0000000782f00000, 0x00000007c0000000, 0x00000007c0000000)
  eden space 960512K, 90% used [0x0000000782f00000,0x00000007b8119670,0x00000007bd900000)
  from space 3584K, 0% used [0x00000007bfb80000,0x00000007bfb80000,0x00000007bff00000)
  to   space 19968K, 0% used [0x00000007bd900000,0x00000007bd900000,0x00000007bec80000)
 ParOldGen       total 147968K, used 65664K [0x0000000708c00000, 0x0000000711c80000, 0x0000000782f00000)
  object space 147968K, 44% used [0x0000000708c00000,0x000000070cc20030,0x0000000711c80000)
 Metaspace       used 45151K, capacity 47170K, committed 47488K, reserved 1089536K
  class space    used 5781K, capacity 6705K, committed 6784K, reserved 1048576K
GC Heap History (10 events):
Event: 30.538 GC heap before
{Heap before GC invocations=47 (full 2):
 PSYoungGen      total 994816K, used 990432K [0x0000000782f00000, 0x00000007bff80000, 0x00000007c0000000)
  eden space 990208K, 100% used [0x0000000782f00000,0x00000007bf600000,0x00000007bf600000)
  from space 4608K, 4% used [0x00000007bfa80000,0x00000007bfab8000,0x00000007bff00000)
  to   space 4608K, 0% used [0x00000007bf600000,0x00000007bf600000,0x00000007bfa80000)
 ParOldGen       total 80896K, used 39436K [0x0000000708c00000, 0x000000070db00000, 0x0000000782f00000)
  object space 80896K, 48% used [0x0000000708c00000,0x000000070b283298,0x000000070db00000)
 Metaspace       used 36113K, capacity 37952K, committed 38272K, reserved 1081344K
  class space    used 4534K, capacity 5434K, committed 5504K, reserved 1048576K
Event: 30.540 GC heap after
Heap after GC invocations=47 (full 2):
 PSYoungGen      total 994816K, used 192K [0x0000000782f00000, 0x00000007bff00000, 0x00000007c0000000)
  eden space 990208K, 0% used [0x0000000782f00000,0x0000000782f00000,0x00000007bf600000)
  from space 4608K, 4% used [0x00000007bf600000,0x00000007bf630000,0x00000007bfa80000)
  to   space 4096K, 0% used [0x00000007bfb00000,0x00000007bfb00000,0x00000007bff00000)
 ParOldGen       total 80896K, used 39444K [0x0000000708c00000, 0x000000070db00000, 0x0000000782f00000)
  object space 80896K, 48% used [0x0000000708c00000,0x000000070b285298,0x000000070db00000)
 Metaspace       used 36113K, capacity 37952K, committed 38272K, reserved 1081344K
  class space    used 4534K, capacity 5434K, committed 5504K, reserved 1048576K
}
Event: 30.589 GC heap before
{Heap before GC invocations=48 (full 2):
 PSYoungGen      total 994816K, used 990400K [0x0000000782f00000, 0x00000007bff00000, 0x00000007c0000000)
  eden space 990208K, 100% used [0x0000000782f00000,0x00000007bf600000,0x00000007bf600000)
  from space 4608K, 4% used [0x00000007bf600000,0x00000007bf630000,0x00000007bfa80000)
  to   space 4096K, 0% used [0x00000007bfb00000,0x00000007bfb00000,0x00000007bff00000)
 ParOldGen       total 80896K, used 39444K [0x0000000708c00000, 0x000000070db00000, 0x0000000782f00000)
  object space 80896K, 48% used [0x0000000708c00000,0x000000070b285298,0x000000070db00000)
 Metaspace       used 36113K, capacity 37952K, committed 38272K, reserved 1081344K
  class space    used 4534K, capacity 5434K, committed 5504K, reserved 1048576K
Event: 30.592 GC heap after
Heap after GC invocations=48 (full 2):
 PSYoungGen      total 995328K, used 384K [0x0000000782f00000, 0x00000007bff80000, 0x00000007c0000000)
  eden space 991232K, 0% used [0x0000000782f00000,0x0000000782f00000,0x00000007bf700000)
  from space 4096K, 9% used [0x00000007bfb00000,0x00000007bfb60000,0x00000007bff00000)
  to   space 4096K, 0% used [0x00000007bf700000,0x00000007bf700000,0x00000007bfb00000)
 ParOldGen       total 80896K, used 39460K [0x0000000708c00000, 0x000000070db00000, 0x0000000782f00000)
  object space 80896K, 48% used [0x0000000708c00000,0x000000070b289298,0x000000070db00000)
 Metaspace       used 36113K, capacity 37952K, committed 38272K, reserved 1081344K
  class space    used 4534K, capacity 5434K, committed 5504K, reserved 1048576K
}
Event: 32.782 GC heap before
{Heap before GC invocations=49 (full 2):
 PSYoungGen      total 995328K, used 991616K [0x0000000782f00000, 0x00000007bff80000, 0x00000007c0000000)
  eden space 991232K, 100% used [0x0000000782f00000,0x00000007bf700000,0x00000007bf700000)
  from space 4096K, 9% used [0x00000007bfb00000,0x00000007bfb60000,0x00000007bff00000)
  to   space 4096K, 0% used [0x00000007bf700000,0x00000007bf700000,0x00000007bfb00000)
 ParOldGen       total 80896K, used 39460K [0x0000000708c00000, 0x000000070db00000, 0x0000000782f00000)
  object space 80896K, 48% used [0x0000000708c00000,0x000000070b289298,0x000000070db00000)
 Metaspace       used 36174K, capacity 38016K, committed 38272K, reserved 1081344K
  class space    used 4536K, capacity 5434K, committed 5504K, reserved 1048576K
Event: 32.784 GC heap after
Heap after GC invocations=49 (full 2):
 PSYoungGen      total 995328K, used 544K [0x0000000782f00000, 0x00000007bff00000, 0x00000007c0000000)
  eden space 991232K, 0% used [0x0000000782f00000,0x0000000782f00000,0x00000007bf700000)
  from space 4096K, 13% used [0x00000007bf700000,0x00000007bf788000,0x00000007bfb00000)
  to   space 3584K, 0% used [0x00000007bfb80000,0x00000007bfb80000,0x00000007bff00000)
 ParOldGen       total 80896K, used 39476K [0x0000000708c00000, 0x000000070db00000, 0x0000000782f00000)
  object space 80896K, 48% used [0x0000000708c00000,0x000000070b28d298,0x000000070db00000)
 Metaspace       used 36174K, capacity 38016K, committed 38272K, reserved 1081344K
  class space    used 4536K, capacity 5434K, committed 5504K, reserved 1048576K
}
Event: 37.635 GC heap before
{Heap before GC invocations=50 (full 2):
 PSYoungGen      total 995328K, used 991776K [0x0000000782f00000, 0x00000007bff00000, 0x00000007c0000000)
  eden space 991232K, 100% used [0x0000000782f00000,0x00000007bf700000,0x00000007bf700000)
  from space 4096K, 13% used [0x00000007bf700000,0x00000007bf788000,0x00000007bfb00000)
  to   space 3584K, 0% used [0x00000007bfb80000,0x00000007bfb80000,0x00000007bff00000)
 ParOldGen       total 80896K, used 39476K [0x0000000708c00000, 0x000000070db00000, 0x0000000782f00000)
  object space 80896K, 48% used [0x0000000708c00000,0x000000070b28d298,0x000000070db00000)
 Metaspace       used 43496K, capacity 45592K, committed 45824K, reserved 1089536K
  class space    used 5656K, capacity 6570K, committed 6656K, reserved 1048576K
Event: 37.684 GC heap after
Heap after GC invocations=50 (full 2):
 PSYoungGen      total 964096K, used 3558K [0x0000000782f00000, 0x00000007c0000000, 0x00000007c0000000)
  eden space 960512K, 0% used [0x0000000782f00000,0x0000000782f00000,0x00000007bd900000)
  from space 3584K, 99% used [0x00000007bfb80000,0x00000007bfef9ac0,0x00000007bff00000)
  to   space 19968K, 0% used [0x00000007bd900000,0x00000007bd900000,0x00000007bec80000)
 ParOldGen       total 81408K, used 81127K [0x0000000708c00000, 0x000000070db80000, 0x0000000782f00000)
  object space 81408K, 99% used [0x0000000708c00000,0x000000070db39f50,0x000000070db80000)
 Metaspace       used 43496K, capacity 45592K, committed 45824K, reserved 1089536K
  class space    used 5656K, capacity 6570K, committed 6656K, reserved 1048576K
}
Event: 37.684 GC heap before
{Heap before GC invocations=51 (full 3):
 PSYoungGen      total 964096K, used 3558K [0x0000000782f00000, 0x00000007c0000000, 0x00000007c0000000)
  eden space 960512K, 0% used [0x0000000782f00000,0x0000000782f00000,0x00000007bd900000)
  from space 3584K, 99% used [0x00000007bfb80000,0x00000007bfef9ac0,0x00000007bff00000)
  to   space 19968K, 0% used [0x00000007bd900000,0x00000007bd900000,0x00000007bec80000)
 ParOldGen       total 81408K, used 81127K [0x0000000708c00000, 0x000000070db80000, 0x0000000782f00000)
  object space 81408K, 99% used [0x0000000708c00000,0x000000070db39f50,0x000000070db80000)
 Metaspace       used 43496K, capacity 45592K, committed 45824K, reserved 1089536K
  class space    used 5656K, capacity 6570K, committed 6656K, reserved 1048576K
Event: 37.951 GC heap after
Heap after GC invocations=51 (full 3):
 PSYoungGen      total 964096K, used 0K [0x0000000782f00000, 0x00000007c0000000, 0x00000007c0000000)
  eden space 960512K, 0% used [0x0000000782f00000,0x0000000782f00000,0x00000007bd900000)
  from space 3584K, 0% used [0x00000007bfb80000,0x00000007bfb80000,0x00000007bff00000)
  to   space 19968K, 0% used [0x00000007bd900000,0x00000007bd900000,0x00000007bec80000)
 ParOldGen       total 147968K, used 65664K [0x0000000708c00000, 0x0000000711c80000, 0x0000000782f00000)
  object space 147968K, 44% used [0x0000000708c00000,0x000000070cc20030,0x0000000711c80000)
 Metaspace       used 43496K, capacity 45592K, committed 45824K, reserved 1089536K
  class space    used 5656K, capacity 6570K, committed 6656K, reserved 1048576K
}

