# JRE version: Java(TM) SE Runtime Environment (8.0_201-b09) (build 1.8.0_201-b09)
# Java VM: Java HotSpot(TM) 64-Bit Server VM (25.201-b09 mixed mode windows-amd64 compressed oops)
Heap:
 PSYoungGen      total 945664K, used 872129K [0x0000000782f00000, 0x00000007c0000000, 0x00000007c0000000)
  eden space 890880K, 97% used [0x0000000782f00000,0x00000007b82305f8,0x00000007b9500000)
  from space 54784K, 0% used [0x00000007bca80000,0x00000007bcb00000,0x00000007c0000000)
  to   space 54784K, 0% used [0x00000007b9500000,0x00000007b9500000,0x00000007bca80000)
 ParOldGen       total 218112K, used 114420K [0x0000000708c00000, 0x0000000716100000, 0x0000000782f00000)
  object space 218112K, 52% used [0x0000000708c00000,0x000000070fbbd1c0,0x0000000716100000)
 Metaspace       used 48914K, capacity 51116K, committed 51328K, reserved 1093632K
  class space    used 6188K, capacity 7026K, committed 7040K, reserved 1048576K
GC Heap History (10 events):
Event: 6915.337 GC heap before
{Heap before GC invocations=64 (full 4):
 PSYoungGen      total 892416K, used 892230K [0x0000000782f00000, 0x00000007bdf00000, 0x00000007c0000000)
  eden space 857088K, 100% used [0x0000000782f00000,0x00000007b7400000,0x00000007b7400000)
  from space 35328K, 99% used [0x00000007b9b00000,0x00000007bbd51aa0,0x00000007bbd80000)
  to   space 34304K, 0% used [0x00000007bbd80000,0x00000007bbd80000,0x00000007bdf00000)
 ParOldGen       total 218112K, used 82357K [0x0000000708c00000, 0x0000000716100000, 0x0000000782f00000)
  object space 218112K, 37% used [0x0000000708c00000,0x000000070dc6d7a8,0x0000000716100000)
 Metaspace       used 48188K, capacity 50396K, committed 50560K, reserved 1093632K
  class space    used 6076K, capacity 6960K, committed 7040K, reserved 1048576K
Event: 6915.406 GC heap after
Heap after GC invocations=64 (full 4):
 PSYoungGen      total 910336K, used 32808K [0x0000000782f00000, 0x00000007c0000000, 0x00000007c0000000)
  eden space 876032K, 0% used [0x0000000782f00000,0x0000000782f00000,0x00000007b8680000)
  from space 34304K, 95% used [0x00000007bbd80000,0x00000007bdd8a268,0x00000007bdf00000)
  to   space 56320K, 0% used [0x00000007b8680000,0x00000007b8680000,0x00000007bbd80000)
 ParOldGen       total 218112K, used 82365K [0x0000000708c00000, 0x0000000716100000, 0x0000000782f00000)
  object space 218112K, 37% used [0x0000000708c00000,0x000000070dc6f7a8,0x0000000716100000)
 Metaspace       used 48188K, capacity 50396K, committed 50560K, reserved 1093632K
  class space    used 6076K, capacity 6960K, committed 7040K, reserved 1048576K
}
Event: 6915.711 GC heap before
{Heap before GC invocations=65 (full 4):
 PSYoungGen      total 910336K, used 908840K [0x0000000782f00000, 0x00000007c0000000, 0x00000007c0000000)
  eden space 876032K, 100% used [0x0000000782f00000,0x00000007b8680000,0x00000007b8680000)
  from space 34304K, 95% used [0x00000007bbd80000,0x00000007bdd8a268,0x00000007bdf00000)
  to   space 56320K, 0% used [0x00000007b8680000,0x00000007b8680000,0x00000007bbd80000)
 ParOldGen       total 218112K, used 82365K [0x0000000708c00000, 0x0000000716100000, 0x0000000782f00000)
  object space 218112K, 37% used [0x0000000708c00000,0x000000070dc6f7a8,0x0000000716100000)
 Metaspace       used 48189K, capacity 50396K, committed 50560K, reserved 1093632K
  class space    used 6076K, capacity 6960K, committed 7040K, reserved 1048576K
Event: 6915.764 GC heap after
Heap after GC invocations=65 (full 4):
 PSYoungGen      total 932352K, used 30040K [0x0000000782f00000, 0x00000007c0000000, 0x00000007c0000000)
  eden space 876032K, 0% used [0x0000000782f00000,0x0000000782f00000,0x00000007b8680000)
  from space 56320K, 53% used [0x00000007b8680000,0x00000007ba3d6258,0x00000007bbd80000)
  to   space 56320K, 0% used [0x00000007bc900000,0x00000007bc900000,0x00000007c0000000)
 ParOldGen       total 218112K, used 84857K [0x0000000708c00000, 0x0000000716100000, 0x0000000782f00000)
  object space 218112K, 38% used [0x0000000708c00000,0x000000070dede7d8,0x0000000716100000)
 Metaspace       used 48189K, capacity 50396K, committed 50560K, reserved 1093632K
  class space    used 6076K, capacity 6960K, committed 7040K, reserved 1048576K
}
Event: 6915.892 GC heap before
{Heap before GC invocations=66 (full 4):
 PSYoungGen      total 932352K, used 906072K [0x0000000782f00000, 0x00000007c0000000, 0x00000007c0000000)
  eden space 876032K, 100% used [0x0000000782f00000,0x00000007b8680000,0x00000007b8680000)
  from space 56320K, 53% used [0x00000007b8680000,0x00000007ba3d6258,0x00000007bbd80000)
  to   space 56320K, 0% used [0x00000007bc900000,0x00000007bc900000,0x00000007c0000000)
 ParOldGen       total 218112K, used 84857K [0x0000000708c00000, 0x0000000716100000, 0x0000000782f00000)
  object space 218112K, 38% used [0x0000000708c00000,0x000000070dede7d8,0x0000000716100000)
 Metaspace       used 48190K, capacity 50396K, committed 50560K, reserved 1093632K
  class space    used 6076K, capacity 6960K, committed 7040K, reserved 1048576K
Event: 6915.917 GC heap after
Heap after GC invocations=66 (full 4):
 PSYoungGen      total 940032K, used 25624K [0x0000000782f00000, 0x00000007bfc00000, 0x00000007c0000000)
  eden space 887808K, 0% used [0x0000000782f00000,0x0000000782f00000,0x00000007b9200000)
  from space 52224K, 49% used [0x00000007bc900000,0x00000007be206258,0x00000007bfc00000)
  to   space 54272K, 0% used [0x00000007b9200000,0x00000007b9200000,0x00000007bc700000)
 ParOldGen       total 218112K, used 88657K [0x0000000708c00000, 0x0000000716100000, 0x0000000782f00000)
  object space 218112K, 40% used [0x0000000708c00000,0x000000070e2947d8,0x0000000716100000)
 Metaspace       used 48190K, capacity 50396K, committed 50560K, reserved 1093632K
  class space    used 6076K, capacity 6960K, committed 7040K, reserved 1048576K
}
Event: 6915.976 GC heap before
{Heap before GC invocations=67 (full 4):
 PSYoungGen      total 940032K, used 913432K [0x0000000782f00000, 0x00000007bfc00000, 0x00000007c0000000)
  eden space 887808K, 100% used [0x0000000782f00000,0x00000007b9200000,0x00000007b9200000)
  from space 52224K, 49% used [0x00000007bc900000,0x00000007be206258,0x00000007bfc00000)
  to   space 54272K, 0% used [0x00000007b9200000,0x00000007b9200000,0x00000007bc700000)
 ParOldGen       total 218112K, used 88657K [0x0000000708c00000, 0x0000000716100000, 0x0000000782f00000)
  object space 218112K, 40% used [0x0000000708c00000,0x000000070e2947d8,0x0000000716100000)
 Metaspace       used 48190K, capacity 50396K, committed 50560K, reserved 1093632K
  class space    used 6076K, capacity 6960K, committed 7040K, reserved 1048576K
Event: 6916.027 GC heap after
Heap after GC invocations=67 (full 4):
 PSYoungGen      total 942080K, used 320K [0x0000000782f00000, 0x00000007c0000000, 0x00000007c0000000)
  eden space 887808K, 0% used [0x0000000782f00000,0x0000000782f00000,0x00000007b9200000)
  from space 54272K, 0% used [0x00000007b9200000,0x00000007b9250000,0x00000007bc700000)
  to   space 54784K, 0% used [0x00000007bca80000,0x00000007bca80000,0x00000007c0000000)
 ParOldGen       total 218112K, used 114396K [0x0000000708c00000, 0x0000000716100000, 0x0000000782f00000)
  object space 218112K, 52% used [0x0000000708c00000,0x000000070fbb71c0,0x0000000716100000)
 Metaspace       used 48190K, capacity 50396K, committed 50560K, reserved 1093632K
  class space    used 6076K, capacity 6960K, committed 7040K, reserved 1048576K
}
Event: 6916.090 GC heap before
{Heap before GC invocations=68 (full 4):
 PSYoungGen      total 942080K, used 888128K [0x0000000782f00000, 0x00000007c0000000, 0x00000007c0000000)
  eden space 887808K, 100% used [0x0000000782f00000,0x00000007b9200000,0x00000007b9200000)
  from space 54272K, 0% used [0x00000007b9200000,0x00000007b9250000,0x00000007bc700000)
  to   space 54784K, 0% used [0x00000007bca80000,0x00000007bca80000,0x00000007c0000000)
 ParOldGen       total 218112K, used 114396K [0x0000000708c00000, 0x0000000716100000, 0x0000000782f00000)
  object space 218112K, 52% used [0x0000000708c00000,0x000000070fbb71c0,0x0000000716100000)
 Metaspace       used 48190K, capacity 50396K, committed 50560K, reserved 1093632K
  class space    used 6076K, capacity 6960K, committed 7040K, reserved 1048576K
Event: 6916.092 GC heap after
Heap after GC invocations=68 (full 4):
 PSYoungGen      total 945664K, used 512K [0x0000000782f00000, 0x00000007c0000000, 0x00000007c0000000)
  eden space 890880K, 0% used [0x0000000782f00000,0x0000000782f00000,0x00000007b9500000)
  from space 54784K, 0% used [0x00000007bca80000,0x00000007bcb00000,0x00000007c0000000)
  to   space 54784K, 0% used [0x00000007b9500000,0x00000007b9500000,0x00000007bca80000)
 ParOldGen       total 218112K, used 114420K [0x0000000708c00000, 0x0000000716100000, 0x0000000782f00000)
  object space 218112K, 52% used [0x0000000708c00000,0x000000070fbbd1c0,0x0000000716100000)
 Metaspace       used 48190K, capacity 50396K, committed 50560K, reserved 1093632K
  class space    used 6076K, capacity 6960K, committed 7040K, reserved 1048576K
}

